[16:31:47] [Server console handler/ERROR]: Exception handling console input
java.io.IOException: The handle is invalid
	at java.io.FileInputStream.readBytes(Native Method) ~[?:1.8.0_60]
	at java.io.FileInputStream.read(Unknown Source) ~[?:1.8.0_60]
	at java.io.BufferedInputStream.read1(Unknown Source) ~[?:1.8.0_60]
	at java.io.BufferedInputStream.read(Unknown Source) ~[?:1.8.0_60]
	at sun.nio.cs.StreamDecoder.readBytes(Unknown Source) ~[?:1.8.0_60]
	at sun.nio.cs.StreamDecoder.implRead(Unknown Source) ~[?:1.8.0_60]
	at sun.nio.cs.StreamDecoder.read(Unknown Source) ~[?:1.8.0_60]
	at java.io.InputStreamReader.read(Unknown Source) ~[?:1.8.0_60]
	at java.io.BufferedReader.fill(Unknown Source) ~[?:1.8.0_60]
	at java.io.BufferedReader.readLine(Unknown Source) ~[?:1.8.0_60]
	at java.io.BufferedReader.readLine(Unknown Source) ~[?:1.8.0_60]
	at ko$2.run(SourceFile:81) [minecraft_server.1.8.8.exe:?]
[16:31:47] [Server thread/INFO]: Starting minecraft server version 1.8.8
[16:31:47] [Server thread/INFO]: Loading properties
[16:31:48] [Server thread/INFO]: Default game type: SURVIVAL
[16:31:48] [Server thread/INFO]: Generating keypair
[16:31:49] [Server thread/INFO]: Starting Minecraft server on *:25565
[16:31:49] [Server thread/INFO]: Using default channel type
[16:31:51] [Server thread/INFO]: Preparing level "world"
[16:31:51] [Server thread/INFO]: Preparing start region for level 0
[16:31:53] [Server thread/INFO]: Preparing spawn area: 0%
[16:31:54] [Server thread/INFO]: Preparing spawn area: 12%
[16:31:55] [Server thread/INFO]: Preparing spawn area: 36%
[16:31:56] [Server thread/INFO]: Preparing spawn area: 71%
[16:31:57] [Server thread/INFO]: Done (7.397s)! For help, type "help" or "?"
[16:36:09] [User Authenticator #1/INFO]: UUID of player Equaian is b1104ef9-4ed7-4111-a1a8-5de1147168c6
[16:36:09] [Server thread/INFO]: Equaian[/10.53.248.4:49189] logged in with entity id 264 at (143.7752704633882, 70.0, 1742.2470149518504)
[16:36:09] [Server thread/INFO]: Equaian joined the game
[16:39:24] [Server thread/INFO]: Equaian lost connection: TranslatableComponent{key='disconnect.genericReason', args=[Internal Exception: java.io.IOException: An existing connection was forcibly closed by the remote host], siblings=[], style=Style{hasParent=false, color=null, bold=null, italic=null, underlined=null, obfuscated=null, clickEvent=null, hoverEvent=null, insertion=null}}
[16:39:24] [Server thread/INFO]: Equaian left the game
[16:39:32] [User Authenticator #2/INFO]: UUID of player KuroiRyuu8 is e3b90180-fe66-4dbf-9c48-adc62d319173
[16:39:32] [Server thread/INFO]: KuroiRyuu8[/10.53.248.3:50031] logged in with entity id 3751 at (-710.4863120647003, 63.0, 318.6396069520334)
[16:39:32] [Server thread/INFO]: KuroiRyuu8 joined the game
[16:41:01] [User Authenticator #3/INFO]: UUID of player Equaian is b1104ef9-4ed7-4111-a1a8-5de1147168c6
[16:41:01] [Server thread/INFO]: Equaian[/10.53.248.4:52876] logged in with entity id 5068 at (130.34880301794664, 69.0, 1728.448388142581)
[16:41:01] [Server thread/INFO]: Equaian joined the game
[16:45:16] [Server thread/WARN]: KuroiRyuu8 moved wrongly!
[16:45:16] [Server thread/WARN]: KuroiRyuu8 moved wrongly!
[16:56:57] [Server thread/INFO]: Equaian lost connection: TextComponent{text='Disconnected', siblings=[], style=Style{hasParent=false, color=null, bold=null, italic=null, underlined=null, obfuscated=null, clickEvent=null, hoverEvent=null, insertion=null}}
[16:56:57] [Server thread/INFO]: Equaian left the game
[17:48:10] [Server thread/INFO]: KuroiRyuu8 lost connection: TextComponent{text='Disconnected', siblings=[], style=Style{hasParent=false, color=null, bold=null, italic=null, underlined=null, obfuscated=null, clickEvent=null, hoverEvent=null, insertion=null}}
[17:48:10] [Server thread/INFO]: KuroiRyuu8 left the game
[19:31:59] [Server thread/INFO]: Stopping the server
[19:31:59] [Server thread/INFO]: Stopping server
[19:31:59] [Server thread/INFO]: Saving players
[19:31:59] [Server thread/INFO]: Saving worlds
[19:31:59] [Server thread/INFO]: Saving chunks for level 'world'/Overworld
[19:31:59] [Server thread/INFO]: Saving chunks for level 'world'/Nether
[19:31:59] [Server thread/INFO]: Saving chunks for level 'world'/The End
[19:31:59] [Server Shutdown Thread/INFO]: Stopping server
[19:31:59] [Server Shutdown Thread/INFO]: Saving players
[19:31:59] [Server Shutdown Thread/INFO]: Saving worlds
[19:31:59] [Server Shutdown Thread/INFO]: Saving chunks for level 'world'/Overworld
[09:40:53] [Server thread/INFO]: Starting minecraft server version 1.8.8
[09:40:53] [Server console handler/ERROR]: Exception handling console input
java.io.IOException: The handle is invalid
	at java.io.FileInputStream.readBytes(Native Method) ~[?:1.8.0_60]
	at java.io.FileInputStream.read(Unknown Source) ~[?:1.8.0_60]
	at java.io.BufferedInputStream.read1(Unknown Source) ~[?:1.8.0_60]
	at java.io.BufferedInputStream.read(Unknown Source) ~[?:1.8.0_60]
	at sun.nio.cs.StreamDecoder.readBytes(Unknown Source) ~[?:1.8.0_60]
	at sun.nio.cs.StreamDecoder.implRead(Unknown Source) ~[?:1.8.0_60]
	at sun.nio.cs.StreamDecoder.read(Unknown Source) ~[?:1.8.0_60]
	at java.io.InputStreamReader.read(Unknown Source) ~[?:1.8.0_60]
	at java.io.BufferedReader.fill(Unknown Source) ~[?:1.8.0_60]
	at java.io.BufferedReader.readLine(Unknown Source) ~[?:1.8.0_60]
	at java.io.BufferedReader.readLine(Unknown Source) ~[?:1.8.0_60]
	at ko$2.run(SourceFile:81) [minecraft_server.1.8.8.exe:?]
[09:40:53] [Server thread/INFO]: Loading properties
[09:40:53] [Server thread/INFO]: Default game type: SURVIVAL
[09:40:53] [Server thread/INFO]: Generating keypair
[09:40:53] [Server thread/INFO]: Starting Minecraft server on *:25565
[09:40:53] [Server thread/INFO]: Using default channel type
[09:40:54] [Server thread/INFO]: Preparing level "world"
[09:40:55] [Server thread/INFO]: Preparing start region for level 0
[09:40:56] [Server thread/INFO]: Preparing spawn area: 0%
