[10:21:05] [Server thread/INFO]: Starting minecraft server version 1.8.9
[10:21:05] [Server console handler/ERROR]: Exception handling console input
java.io.IOException: The handle is invalid
	at java.io.FileInputStream.readBytes(Native Method) ~[?:1.8.0_60]
	at java.io.FileInputStream.read(Unknown Source) ~[?:1.8.0_60]
	at java.io.BufferedInputStream.read1(Unknown Source) ~[?:1.8.0_60]
	at java.io.BufferedInputStream.read(Unknown Source) ~[?:1.8.0_60]
	at sun.nio.cs.StreamDecoder.readBytes(Unknown Source) ~[?:1.8.0_60]
	at sun.nio.cs.StreamDecoder.implRead(Unknown Source) ~[?:1.8.0_60]
	at sun.nio.cs.StreamDecoder.read(Unknown Source) ~[?:1.8.0_60]
	at java.io.InputStreamReader.read(Unknown Source) ~[?:1.8.0_60]
	at java.io.BufferedReader.fill(Unknown Source) ~[?:1.8.0_60]
	at java.io.BufferedReader.readLine(Unknown Source) ~[?:1.8.0_60]
	at java.io.BufferedReader.readLine(Unknown Source) ~[?:1.8.0_60]
	at ko$2.run(SourceFile:81) [minecraft_server.1.8.9.exe:?]
[10:21:05] [Server thread/INFO]: Loading properties
[10:21:05] [Server thread/INFO]: Default game type: SURVIVAL
[10:21:05] [Server thread/INFO]: Generating keypair
[10:21:05] [Server thread/INFO]: Starting Minecraft server on *:25565
[10:21:05] [Server thread/INFO]: Using default channel type
[10:21:06] [Server thread/INFO]: Preparing level "world"
[10:21:06] [Server thread/INFO]: Preparing start region for level 0
[10:21:07] [Server thread/INFO]: Preparing spawn area: 6%
[10:21:08] [Server thread/INFO]: Preparing spawn area: 24%
[10:21:09] [Server thread/INFO]: Preparing spawn area: 50%
[10:21:10] [Server thread/INFO]: Preparing spawn area: 96%
[10:21:10] [Server thread/INFO]: Done (4.874s)! For help, type "help" or "?"
[10:42:11] [User Authenticator #1/INFO]: UUID of player Equaian is b1104ef9-4ed7-4111-a1a8-5de1147168c6
[10:42:11] [Server thread/INFO]: Equaian[/192.168.1.2:61105] logged in with entity id 282 at (100.78806920442193, 83.8500000178814, 286.6850103669528)
[10:42:11] [Server thread/INFO]: Equaian joined the game
[10:47:08] [User Authenticator #2/INFO]: UUID of player KuroiRyuu8 is e3b90180-fe66-4dbf-9c48-adc62d319173
[10:47:08] [Server thread/INFO]: KuroiRyuu8[/192.168.1.3:63514] logged in with entity id 17394 at (52.6086948936553, 95.0, 305.9347586256716)
[10:47:08] [Server thread/INFO]: KuroiRyuu8 joined the game
[10:48:23] [Server thread/WARN]: Equaian moved wrongly!
[10:48:23] [Server thread/WARN]: Equaian moved wrongly!
[10:55:17] [User Authenticator #3/INFO]: UUID of player Nameugone is 416fc4c3-132d-4841-9ab7-348b4973bad2
[10:55:17] [Server thread/INFO]: Nameugone[/10.53.248.2:62820] logged in with entity id 40905 at (242.06656657028702, 87.0, 1001.7421042463086)
[10:55:17] [Server thread/INFO]: Nameugone joined the game
[10:55:34] [Server thread/INFO]: <Equaian> MUMBLE!
[10:55:37] [Server thread/INFO]: <Nameugone> btw the evolve ip changed from ......3 to .......4
[10:55:47] [Server thread/INFO]: <KuroiRyuu8> yeah I said that on the chat
[10:55:51] [Server thread/INFO]: <Nameugone> Im in an important skype call
[10:55:57] [Server thread/INFO]: <Equaian> ooooooo
[10:55:58] [Server thread/INFO]: <Nameugone> im multitasking
[10:56:06] [Server thread/INFO]: <Equaian> Who is she?
[10:56:24] [Server thread/INFO]: <Nameugone> im part of a game desiging team
[10:56:30] [Server thread/INFO]: <Equaian> nice
[10:56:31] [Server thread/INFO]: <Nameugone> we're developing our game
[10:56:46] [Server thread/INFO]: <Nameugone> this bridge is high
[10:58:14] [Server thread/INFO]: <Nameugone> can I help u help me finish the road or do u want meh to do the rest? o.O Im fine either way
[10:58:26] [Server thread/INFO]: <Equaian> I can help :)
[10:58:33] [Server thread/INFO]: <Equaian> I'll come over in the day time
[10:58:56] [Server thread/INFO]: <Equaian> Also ... left your enchanted tools in a chest next to the road out of Gaia City
[10:59:03] [Server thread/INFO]: <Nameugone> ya saw thanks :D
[10:59:05] [Server thread/INFO]: <Equaian> I think it is time to start naming the roads ...
[10:59:27] [Server thread/WARN]: KuroiRyuu8 moved wrongly!
[10:59:41] [Server thread/INFO]: <Equaian> Horseway 1 will be the south road out of Gaia City to Dzsungesa
[10:59:58] [Server thread/INFO]: <Equaian> Horseway 2 can be the off shoot from HW1 to Suratin
[11:00:00] [Server thread/INFO]: <Nameugone> I dont know those places xD
[11:02:08] [Server thread/WARN]: Nameugone moved wrongly!
[11:04:10] [Server thread/INFO]: KuroiRyuu8 lost connection: TranslatableComponent{key='disconnect.genericReason', args=[Internal Exception: java.io.IOException: An existing connection was forcibly closed by the remote host], siblings=[], style=Style{hasParent=false, color=null, bold=null, italic=null, underlined=null, obfuscated=null, clickEvent=null, hoverEvent=null, insertion=null}}
[11:04:10] [Server thread/INFO]: KuroiRyuu8 left the game
[11:04:18] [Server thread/INFO]: <Nameugone> awww why'd he leave?
[11:04:28] [Server thread/INFO]: <Equaian> Driver failed
[11:04:32] [Server thread/INFO]: <Nameugone> lol
[11:04:35] [Server thread/INFO]: <Equaian> He'll be back 0_0
[11:04:40] [Server thread/INFO]: <Nameugone> I feel bad but its funny
[11:05:02] [User Authenticator #4/INFO]: UUID of player KuroiRyuu8 is e3b90180-fe66-4dbf-9c48-adc62d319173
[11:05:02] [Server thread/INFO]: KuroiRyuu8[/192.168.1.3:59578] logged in with entity id 74488 at (27.01844274422051, 89.0, 291.7914647060633)
[11:05:02] [Server thread/INFO]: KuroiRyuu8 joined the game
[11:06:07] [Server thread/INFO]: <Equaian> I'm acomin!
[11:06:17] [Server thread/INFO]: <Nameugone> aseekay
[11:06:23] [Server thread/INFO]: <Nameugone> oseekay*
[11:07:25] [Server thread/INFO]: <Nameugone> i has shovels!
[11:07:37] [Server thread/INFO]: <Equaian> woohoo
[11:07:48] [Server thread/INFO]: <Nameugone> Isacomin as well
[11:10:09] [Server thread/INFO]: <Nameugone> did u pass the spot?
[11:10:15] [Server thread/INFO]: <Equaian> no
[11:10:21] [Server thread/INFO]: <Equaian> just had to drop some things off
[11:10:24] [Server thread/INFO]: <Nameugone> ah
[11:10:53] [Server thread/INFO]: <Nameugone> iron shovels in chest
[11:11:06] [Server thread/INFO]: <Nameugone> Im so jelly of ur donkey
[11:11:21] [Server thread/INFO]: <Equaian> He's a mule
[11:11:27] [Server thread/INFO]: <Equaian> Names Muley
[11:11:33] [Server thread/INFO]: <Equaian> I call him a he so he is a he
[11:11:35] [Server thread/INFO]: <Nameugone> whats benefits of a mule?
[11:11:43] [Server thread/INFO]: <Nameugone> makes sense
[11:11:46] [Server thread/INFO]: <Equaian> Faster than a donkey and can carry stuff
[11:11:52] [Server thread/INFO]: <Nameugone> ah
[11:12:15] [Server thread/INFO]: <Equaian> Just as stubborn though ...
[11:12:20] [Server thread/INFO]: <Nameugone> lol
[11:12:46] [Server thread/INFO]: <Equaian> You need to hang out and protect me!
[11:12:56] [Server thread/INFO]: <Nameugone> where r u?
[11:13:03] [Server thread/INFO]: <Nameugone> oh lol
[11:13:13] [Server thread/INFO]: <Nameugone> I shoulda brought th ewhistler
[11:13:18] [Server thread/INFO]: <Nameugone> the whistler*
[11:13:29] [Server thread/INFO]: <Equaian> ?
[11:13:32] [Server thread/INFO]: <Nameugone> my bow
[11:13:37] [Server thread/INFO]: <Equaian> It's so dark :(
[11:13:47] [Server thread/INFO]: <Nameugone> ur vision is moody
[11:14:03] [Server thread/INFO]: <Equaian> where'd you go?
[11:14:07] [Server thread/INFO]: <Nameugone> upm here
[11:14:17] [Server thread/INFO]: <Equaian> I SEE YOU!
[11:14:21] [Server thread/INFO]: <Nameugone> lol
[11:14:32] [Server thread/INFO]: <Equaian> Can you take down that side of the hill?
[11:14:43] [Server thread/WARN]: Nameugone moved wrongly!
[11:14:53] [Server thread/INFO]: <Equaian> Sweet
[11:15:42] [Server thread/INFO]: <Nameugone> im mining 1 down
[11:15:50] [Server thread/INFO]: <Equaian> cool
[11:15:53] [Server thread/INFO]: <Equaian> you awesome
[11:15:58] [Server thread/INFO]: <Nameugone> ik ^^
[11:16:06] [Server thread/INFO]: <Nameugone> so r u
[11:16:07] [Server thread/INFO]: <Nameugone> ,#
[11:16:09] [Server thread/INFO]: <Nameugone> <3
[11:17:18] [Server thread/INFO]: <Nameugone> jesus
[11:17:28] [Server thread/INFO]: <Nameugone> spider scared the shit out of me
[11:17:32] [Server thread/INFO]: <Equaian> SUPER SPIYDERRRRR
[11:17:39] [Server thread/INFO]: <Equaian> My hero!
[11:17:43] [Server thread/INFO]: <Nameugone> lol
[11:17:56] [Server thread/INFO]: <Equaian> I'm scared
[11:18:06] [Server thread/INFO]: <Nameugone> I PROTECT U!
[11:18:21] [Server thread/INFO]: <Equaian> WTF!!!!
[11:18:27] [Server thread/INFO]: <Nameugone> nothing to see here
[11:18:33] [Server thread/INFO]: <Equaian> <3
[11:18:48] [Server thread/INFO]: <Nameugone> I need my bow
[11:19:11] [Server thread/INFO]: <Nameugone> im fighting alot
[11:19:18] [Server thread/INFO]: <Nameugone> aww no bright?
[11:19:20] [Server thread/INFO]: <Nameugone> bridge
[11:20:05] [Server thread/INFO]: <Nameugone> zombies really really like u
[11:20:17] [Server thread/INFO]: <Equaian> I haven't showered ...
[11:20:21] [Server thread/INFO]: <Nameugone> lol
[11:20:45] [Server thread/INFO]: KuroiRyuu8 lost connection: TextComponent{text='Disconnected', siblings=[], style=Style{hasParent=false, color=null, bold=null, italic=null, underlined=null, obfuscated=null, clickEvent=null, hoverEvent=null, insertion=null}}
[11:20:45] [Server thread/INFO]: KuroiRyuu8 left the game
[11:21:24] [Server thread/INFO]: <Equaian> AAAAHHHH!
[11:21:36] [Server thread/INFO]: <Nameugone> everythings ok :D
[11:21:55] [Server thread/INFO]: <Equaian> I heard a creeper blow up and saw green balls flying!
[11:22:35] [Server thread/INFO]: <Equaian> Oh shit ....
[11:22:41] [Server thread/INFO]: <Equaian> Forgot about that
[11:22:45] [Server thread/INFO]: <Nameugone> yaa
[11:22:46] [Server thread/INFO]: <Equaian> Don't take it all down
[11:22:47] [Server thread/INFO]: <Nameugone> bridge
[11:22:50] [Server thread/INFO]: <Nameugone> ik
[11:22:55] [Server thread/INFO]: <Equaian> yeah
[11:24:07] [Server thread/INFO]: <Nameugone> I beleive in u julia!
[11:24:07] [Server thread/INFO]: <Equaian> Go get your bow and arrows :)
[11:24:12] [Server thread/INFO]: <Equaian> I'll be safe!
[11:24:14] [Server thread/INFO]: <Nameugone> alright
[11:24:15] [Server thread/WARN]: Nameugone moved wrongly!
[11:25:10] [Server thread/INFO]: <Nameugone> in the entrance
[11:25:53] [Server thread/INFO]: <Nameugone> going through rail
[11:27:11] [Server thread/INFO]: <Nameugone> bow acquired
[11:27:43] [Server thread/INFO]: <Nameugone> almost back!
[11:29:25] [Server thread/INFO]: <Nameugone> brb
[11:31:26] [Server thread/INFO]: <Equaian> I have to go for a little bit ... be back in a half hour or so. I'm leaving my avatar by the chest
[11:31:34] [Server thread/INFO]: <Equaian> next to the water feature before the tunnel.
[11:32:01] [Server thread/INFO]: <Equaian> Can you take down trees that are within 3 blocks of the road?
[11:32:05] [Server thread/INFO]: Equaian lost connection: TextComponent{text='Disconnected', siblings=[], style=Style{hasParent=false, color=null, bold=null, italic=null, underlined=null, obfuscated=null, clickEvent=null, hoverEvent=null, insertion=null}}
[11:32:05] [Server thread/INFO]: Equaian left the game
[11:35:09] [Server thread/INFO]: Nameugone was slain by Zombie
[12:03:36] [Server thread/INFO]: Nameugone lost connection: TranslatableComponent{key='disconnect.genericReason', args=[Internal Exception: java.io.IOException: An established connection was aborted by the software in your host machine], siblings=[], style=Style{hasParent=false, color=null, bold=null, italic=null, underlined=null, obfuscated=null, clickEvent=null, hoverEvent=null, insertion=null}}
[12:03:36] [Server thread/INFO]: Nameugone left the game
[12:03:41] [User Authenticator #5/INFO]: UUID of player Nameugone is 416fc4c3-132d-4841-9ab7-348b4973bad2
[12:03:41] [Server thread/INFO]: Nameugone[/10.53.248.2:64648] logged in with entity id 229469 at (378.94474422382297, 55.0, 1098.7416474656848)
[12:03:41] [Server thread/INFO]: Nameugone joined the game
[12:03:49] [Server thread/WARN]: Nameugone moved wrongly!
[12:38:12] [Server thread/INFO]: com.mojang.authlib.GameProfile@16c35695[id=<null>,name=Nameugone,properties={},legacy=false] (/10.53.248.2:49246) lost connection: Disconnected
[12:38:28] [User Authenticator #6/INFO]: UUID of player Nameugone is 416fc4c3-132d-4841-9ab7-348b4973bad2
[12:38:32] [Server thread/INFO]: com.mojang.authlib.GameProfile@43a0ec31[id=416fc4c3-132d-4841-9ab7-348b4973bad2,name=Nameugone,properties={textures=[com.mojang.authlib.properties.Property@74cecb9f]},legacy=false] (/10.53.248.2:49268) lost connection: Disconnected
[12:38:37] [User Authenticator #7/INFO]: UUID of player Nameugone is 416fc4c3-132d-4841-9ab7-348b4973bad2
[12:38:44] [Server thread/INFO]: Nameugone lost connection: TextComponent{text='Disconnected', siblings=[], style=Style{hasParent=false, color=null, bold=null, italic=null, underlined=null, obfuscated=null, clickEvent=null, hoverEvent=null, insertion=null}}
[12:38:44] [Server thread/INFO]: Nameugone left the game
[12:38:44] [Server thread/INFO]: Nameugone[/10.53.248.2:49279] logged in with entity id 286399 at (378.7805444426386, 55.0, 1099.699999988079)
[12:38:44] [Server thread/INFO]: Nameugone joined the game
[12:41:13] [User Authenticator #8/INFO]: UUID of player Equaian is b1104ef9-4ed7-4111-a1a8-5de1147168c6
[12:41:13] [Server thread/INFO]: Equaian[/192.168.1.2:62758] logged in with entity id 288966 at (283.0170541839056, 84.0, 1000.2375000119209)
[12:41:13] [Server thread/INFO]: Equaian joined the game
[12:41:21] [Server thread/INFO]: Equaian lost connection: TextComponent{text='Disconnected', siblings=[], style=Style{hasParent=false, color=null, bold=null, italic=null, underlined=null, obfuscated=null, clickEvent=null, hoverEvent=null, insertion=null}}
[12:41:21] [Server thread/INFO]: Equaian left the game
[12:42:00] [User Authenticator #9/INFO]: UUID of player Equaian is b1104ef9-4ed7-4111-a1a8-5de1147168c6
[12:42:00] [Server thread/INFO]: Equaian[/192.168.1.2:63314] logged in with entity id 290550 at (283.0170541839056, 84.0, 1000.2375000119209)
[12:42:00] [Server thread/INFO]: Equaian joined the game
[12:45:13] [User Authenticator #10/INFO]: UUID of player KuroiRyuu8 is e3b90180-fe66-4dbf-9c48-adc62d319173
[12:45:13] [Server thread/INFO]: KuroiRyuu8[/192.168.1.3:63784] logged in with entity id 300335 at (43.39111443571775, 95.0625, 306.2353780226084)
[12:45:13] [Server thread/INFO]: KuroiRyuu8 joined the game
[12:59:53] [Server thread/INFO]: Nameugone lost connection: TextComponent{text='Disconnected', siblings=[], style=Style{hasParent=false, color=null, bold=null, italic=null, underlined=null, obfuscated=null, clickEvent=null, hoverEvent=null, insertion=null}}
[12:59:53] [Server thread/INFO]: Nameugone left the game
[12:59:55] [Server thread/INFO]: com.mojang.authlib.GameProfile@945ef98[id=<null>,name=Nameugone,properties={},legacy=false] (/10.53.248.2:49776) lost connection: Internal Exception: java.io.IOException: An established connection was aborted by the software in your host machine
[13:00:01] [Server thread/INFO]: com.mojang.authlib.GameProfile@7c37bb59[id=<null>,name=Nameugone,properties={},legacy=false] (/10.53.248.2:49788) lost connection: Disconnected
[13:00:01] [User Authenticator #11/INFO]: UUID of player Nameugone is 416fc4c3-132d-4841-9ab7-348b4973bad2
[13:00:04] [User Authenticator #12/INFO]: UUID of player Nameugone is 416fc4c3-132d-4841-9ab7-348b4973bad2
[13:00:04] [Server thread/INFO]: Nameugone[/10.53.248.2:49790] logged in with entity id 399585 at (195.8419676228999, 27.0, 1047.5287394302431)
[13:00:04] [Server thread/INFO]: Nameugone joined the game
[13:00:26] [Server thread/WARN]: Nameugone moved too quickly! 39.89545154818154,0.0,-0.17126055783592165 (39.89545154818154, 0.0, -0.17126055783592165)
[13:17:17] [Server thread/WARN]: Can't keep up! Did the system time change, or is the server overloaded? Running 2436ms behind, skipping 48 tick(s)
[13:22:34] [Server thread/INFO]: Nameugone lost connection: TranslatableComponent{key='disconnect.genericReason', args=[Internal Exception: java.io.IOException: An established connection was aborted by the software in your host machine], siblings=[], style=Style{hasParent=false, color=null, bold=null, italic=null, underlined=null, obfuscated=null, clickEvent=null, hoverEvent=null, insertion=null}}
[13:22:34] [Server thread/INFO]: Nameugone left the game
[13:25:38] [Server thread/WARN]: KuroiRyuu8 moved wrongly!
[13:36:06] [Server thread/INFO]: Equaian lost connection: TranslatableComponent{key='disconnect.genericReason', args=[Internal Exception: java.io.IOException: An existing connection was forcibly closed by the remote host], siblings=[], style=Style{hasParent=false, color=null, bold=null, italic=null, underlined=null, obfuscated=null, clickEvent=null, hoverEvent=null, insertion=null}}
[13:36:06] [Server thread/INFO]: Equaian left the game
[13:36:33] [Server thread/INFO]: KuroiRyuu8 lost connection: TextComponent{text='Disconnected', siblings=[], style=Style{hasParent=false, color=null, bold=null, italic=null, underlined=null, obfuscated=null, clickEvent=null, hoverEvent=null, insertion=null}}
[13:36:33] [Server thread/INFO]: KuroiRyuu8 left the game
[13:40:13] [User Authenticator #13/INFO]: UUID of player Equaian is b1104ef9-4ed7-4111-a1a8-5de1147168c6
[13:40:13] [Server thread/INFO]: Equaian[/192.168.1.2:55080] logged in with entity id 547893 at (218.11005653658503, 87.0, 414.58058847623033)
[13:40:13] [Server thread/INFO]: Equaian joined the game
[13:40:15] [User Authenticator #14/INFO]: UUID of player Nameugone is 416fc4c3-132d-4841-9ab7-348b4973bad2
[13:40:15] [Server thread/INFO]: Nameugone[/10.53.248.2:52044] logged in with entity id 548689 at (379.731901654605, 55.0, 1099.2863255201835)
[13:40:15] [Server thread/INFO]: Nameugone joined the game
[13:42:03] [User Authenticator #15/INFO]: UUID of player KuroiRyuu8 is e3b90180-fe66-4dbf-9c48-adc62d319173
[13:42:03] [Server thread/INFO]: KuroiRyuu8[/192.168.1.3:53133] logged in with entity id 554504 at (31.300000011920943, 78.0, 299.1511152743133)
[13:42:03] [Server thread/INFO]: KuroiRyuu8 joined the game
[13:43:18] [Server thread/INFO]: Nameugone lost connection: TranslatableComponent{key='disconnect.genericReason', args=[Internal Exception: java.io.IOException: An established connection was aborted by the software in your host machine], siblings=[], style=Style{hasParent=false, color=null, bold=null, italic=null, underlined=null, obfuscated=null, clickEvent=null, hoverEvent=null, insertion=null}}
[13:43:18] [Server thread/INFO]: Nameugone left the game
[14:21:16] [Server thread/WARN]: Equaian moved wrongly!
[14:21:16] [Server thread/WARN]: Equaian moved wrongly!
[14:21:16] [Server thread/WARN]: Equaian moved wrongly!
[14:37:29] [Server thread/WARN]: KuroiRyuu8 moved wrongly!
[14:37:29] [Server thread/WARN]: KuroiRyuu8 moved wrongly!
[14:38:34] [Server thread/INFO]: KuroiRyuu8 lost connection: TranslatableComponent{key='disconnect.genericReason', args=[Internal Exception: java.io.IOException: An existing connection was forcibly closed by the remote host], siblings=[], style=Style{hasParent=false, color=null, bold=null, italic=null, underlined=null, obfuscated=null, clickEvent=null, hoverEvent=null, insertion=null}}
[14:38:34] [Server thread/INFO]: KuroiRyuu8 left the game
[14:39:34] [Server thread/INFO]: Equaian lost connection: TextComponent{text='Disconnected', siblings=[], style=Style{hasParent=false, color=null, bold=null, italic=null, underlined=null, obfuscated=null, clickEvent=null, hoverEvent=null, insertion=null}}
[14:39:34] [Server thread/INFO]: Equaian left the game
[14:45:24] [User Authenticator #16/INFO]: UUID of player Equaian is b1104ef9-4ed7-4111-a1a8-5de1147168c6
[14:45:24] [Server thread/INFO]: Equaian[/192.168.1.2:51773] logged in with entity id 676032 at (135.69999998807907, 73.93612497923645, 208.5453939562732)
[14:45:24] [Server thread/INFO]: Equaian joined the game
[14:55:13] [User Authenticator #17/INFO]: UUID of player KuroiRyuu8 is e3b90180-fe66-4dbf-9c48-adc62d319173
[14:55:13] [Server thread/INFO]: KuroiRyuu8[/192.168.1.3:51945] logged in with entity id 722429 at (33.56573165309641, 78.0, 298.95997200860154)
[14:55:13] [Server thread/INFO]: KuroiRyuu8 joined the game
[15:08:34] [Server thread/INFO]: Equaian lost connection: TranslatableComponent{key='disconnect.genericReason', args=[Internal Exception: java.io.IOException: An existing connection was forcibly closed by the remote host], siblings=[], style=Style{hasParent=false, color=null, bold=null, italic=null, underlined=null, obfuscated=null, clickEvent=null, hoverEvent=null, insertion=null}}
[15:08:34] [Server thread/INFO]: Equaian left the game
[15:09:09] [User Authenticator #18/INFO]: UUID of player Equaian is b1104ef9-4ed7-4111-a1a8-5de1147168c6
[15:09:09] [Server thread/INFO]: Equaian[/192.168.1.2:52128] logged in with entity id 752804 at (233.32828866811332, 88.0, 454.95083633564764)
[15:09:09] [Server thread/INFO]: Equaian joined the game
[16:11:01] [User Authenticator #19/INFO]: UUID of player Nameugone is 416fc4c3-132d-4841-9ab7-348b4973bad2
[16:11:01] [Server thread/INFO]: Nameugone[/10.53.248.2:55689] logged in with entity id 887544 at (379.1801034028904, 55.0, 1099.1970268298232)
[16:11:01] [Server thread/INFO]: Nameugone joined the game
[16:11:23] [Server thread/WARN]: Nameugone moved wrongly!
[16:23:14] [Server thread/WARN]: Can't keep up! Did the system time change, or is the server overloaded? Running 2001ms behind, skipping 40 tick(s)
[16:57:50] [Server thread/INFO]: Equaian lost connection: TranslatableComponent{key='disconnect.genericReason', args=[Internal Exception: java.io.IOException: An existing connection was forcibly closed by the remote host], siblings=[], style=Style{hasParent=false, color=null, bold=null, italic=null, underlined=null, obfuscated=null, clickEvent=null, hoverEvent=null, insertion=null}}
[16:57:50] [Server thread/INFO]: Equaian left the game
[16:58:11] [User Authenticator #20/INFO]: UUID of player Equaian is b1104ef9-4ed7-4111-a1a8-5de1147168c6
[16:58:11] [Server thread/INFO]: Equaian[/192.168.1.2:63273] logged in with entity id 1056878 at (221.4617180041951, 83.0, 433.30000001192093)
[16:58:11] [Server thread/INFO]: Equaian joined the game
[16:59:48] [Server thread/INFO]: Nameugone has just earned the achievement [Enchanter]
[17:06:30] [Server thread/INFO]: Nameugone has just earned the achievement [Librarian]
[17:13:56] [Server thread/WARN]: Equaian moved wrongly!
[17:23:33] [Server thread/WARN]: KuroiRyuu8 moved wrongly!
[17:25:10] [Server thread/WARN]: KuroiRyuu8 moved wrongly!
[17:25:33] [Server thread/WARN]: Can't keep up! Did the system time change, or is the server overloaded? Running 2551ms behind, skipping 51 tick(s)
[17:27:50] [Server thread/WARN]: KuroiRyuu8 moved wrongly!
[17:54:08] [Server thread/INFO]: Nameugone lost connection: TranslatableComponent{key='disconnect.genericReason', args=[Internal Exception: java.io.IOException: An established connection was aborted by the software in your host machine], siblings=[], style=Style{hasParent=false, color=null, bold=null, italic=null, underlined=null, obfuscated=null, clickEvent=null, hoverEvent=null, insertion=null}}
[17:54:08] [Server thread/INFO]: Nameugone left the game
[17:55:01] [Server thread/INFO]: Equaian lost connection: TextComponent{text='Disconnected', siblings=[], style=Style{hasParent=false, color=null, bold=null, italic=null, underlined=null, obfuscated=null, clickEvent=null, hoverEvent=null, insertion=null}}
[17:55:01] [Server thread/INFO]: Equaian left the game
[17:56:41] [User Authenticator #21/INFO]: UUID of player Equaian is b1104ef9-4ed7-4111-a1a8-5de1147168c6
[17:56:41] [Server thread/INFO]: Equaian[/192.168.1.2:55415] logged in with entity id 1165306 at (25.598598852990868, 68.0, 64.84796196113655)
[17:56:41] [Server thread/INFO]: Equaian joined the game
[17:56:44] [User Authenticator #22/INFO]: UUID of player Nameugone is 416fc4c3-132d-4841-9ab7-348b4973bad2
[17:56:44] [Server thread/INFO]: Nameugone[/10.53.248.2:58364] logged in with entity id 1165430 at (35.292566882179344, 68.0, 67.2001376465889)
[17:56:44] [Server thread/INFO]: Nameugone joined the game
[17:57:10] [Server thread/INFO]: Equaian blew up
[17:59:51] [Server thread/INFO]: Nameugone lost connection: TranslatableComponent{key='disconnect.genericReason', args=[Internal Exception: java.io.IOException: An existing connection was forcibly closed by the remote host], siblings=[], style=Style{hasParent=false, color=null, bold=null, italic=null, underlined=null, obfuscated=null, clickEvent=null, hoverEvent=null, insertion=null}}
[17:59:51] [Server thread/INFO]: Nameugone left the game
[18:00:01] [User Authenticator #23/INFO]: UUID of player Nameugone is 416fc4c3-132d-4841-9ab7-348b4973bad2
[18:00:01] [Server thread/INFO]: Nameugone[/10.53.248.2:58500] logged in with entity id 1169815 at (24.012841609355625, 70.0, 39.79866859614694)
[18:00:01] [Server thread/INFO]: Nameugone joined the game
[18:01:41] [Server thread/INFO]: Nameugone lost connection: TranslatableComponent{key='disconnect.genericReason', args=[Internal Exception: java.io.IOException: An existing connection was forcibly closed by the remote host], siblings=[], style=Style{hasParent=false, color=null, bold=null, italic=null, underlined=null, obfuscated=null, clickEvent=null, hoverEvent=null, insertion=null}}
[18:01:41] [Server thread/INFO]: Nameugone left the game
[18:04:08] [Server thread/WARN]: Can't keep up! Did the system time change, or is the server overloaded? Running 2001ms behind, skipping 40 tick(s)
[18:08:04] [Server thread/INFO]: KuroiRyuu8 lost connection: TextComponent{text='Disconnected', siblings=[], style=Style{hasParent=false, color=null, bold=null, italic=null, underlined=null, obfuscated=null, clickEvent=null, hoverEvent=null, insertion=null}}
[18:08:04] [Server thread/INFO]: KuroiRyuu8 left the game
[18:36:51] [User Authenticator #24/INFO]: UUID of player Nameugone is 416fc4c3-132d-4841-9ab7-348b4973bad2
[18:36:51] [Server thread/INFO]: Nameugone[/10.53.248.2:60082] logged in with entity id 1222453 at (7.354094342752596, 80.0, 50.448358880127756)
[18:36:51] [Server thread/INFO]: Nameugone joined the game
[18:38:32] [User Authenticator #25/INFO]: UUID of player Nameugone is 416fc4c3-132d-4841-9ab7-348b4973bad2
[18:38:45] [Server thread/INFO]: com.mojang.authlib.GameProfile@310abf5[id=416fc4c3-132d-4841-9ab7-348b4973bad2,name=Nameugone,properties={textures=[com.mojang.authlib.properties.Property@1c97136a]},legacy=false] (/10.53.248.2:60151) lost connection: Disconnected
[18:38:47] [Server thread/INFO]: Nameugone lost connection: TextComponent{text='Disconnected', siblings=[], style=Style{hasParent=false, color=null, bold=null, italic=null, underlined=null, obfuscated=null, clickEvent=null, hoverEvent=null, insertion=null}}
[18:38:47] [Server thread/INFO]: Nameugone left the game
[18:38:50] [User Authenticator #26/INFO]: UUID of player Nameugone is 416fc4c3-132d-4841-9ab7-348b4973bad2
[18:38:50] [Server thread/INFO]: Nameugone[/10.53.248.2:60166] logged in with entity id 1225093 at (93.47373802003587, 38.0, 38.20506249461507)
[18:38:50] [Server thread/INFO]: Nameugone joined the game
[18:40:38] [Server thread/WARN]: Nameugone moved too quickly! 6.041173222189244,0.0,13.893199592859418 (6.041173222189244, 0.0, 13.893199592859418)
[18:40:40] [Server thread/INFO]: Nameugone was slain by Zombie Pigman
[18:47:06] [User Authenticator #27/INFO]: UUID of player KuroiRyuu8 is e3b90180-fe66-4dbf-9c48-adc62d319173
[18:47:06] [Server thread/INFO]: KuroiRyuu8[/192.168.1.3:61850] logged in with entity id 1252215 at (40.88061052614367, 103.0, 297.88622878692775)
[18:47:06] [Server thread/INFO]: KuroiRyuu8 joined the game
[18:48:28] [Server thread/INFO]: Nameugone lost connection: TextComponent{text='Disconnected', siblings=[], style=Style{hasParent=false, color=null, bold=null, italic=null, underlined=null, obfuscated=null, clickEvent=null, hoverEvent=null, insertion=null}}
[18:48:28] [Server thread/INFO]: Nameugone left the game
[19:04:34] [Server thread/INFO]: Equaian lost connection: TextComponent{text='Disconnected', siblings=[], style=Style{hasParent=false, color=null, bold=null, italic=null, underlined=null, obfuscated=null, clickEvent=null, hoverEvent=null, insertion=null}}
[19:04:34] [Server thread/INFO]: Equaian left the game
[19:32:40] [Server thread/INFO]: KuroiRyuu8 lost connection: TranslatableComponent{key='disconnect.genericReason', args=[Internal Exception: java.io.IOException: An existing connection was forcibly closed by the remote host], siblings=[], style=Style{hasParent=false, color=null, bold=null, italic=null, underlined=null, obfuscated=null, clickEvent=null, hoverEvent=null, insertion=null}}
[19:32:40] [Server thread/INFO]: KuroiRyuu8 left the game
[19:33:14] [User Authenticator #28/INFO]: UUID of player KuroiRyuu8 is e3b90180-fe66-4dbf-9c48-adc62d319173
[19:33:14] [Server thread/INFO]: KuroiRyuu8[/192.168.1.3:60733] logged in with entity id 1326576 at (36.729018379223476, 78.0, 299.3116005518199)
[19:33:14] [Server thread/INFO]: KuroiRyuu8 joined the game
[19:40:20] [Server thread/INFO]: KuroiRyuu8 lost connection: TranslatableComponent{key='disconnect.genericReason', args=[Internal Exception: java.io.IOException: An existing connection was forcibly closed by the remote host], siblings=[], style=Style{hasParent=false, color=null, bold=null, italic=null, underlined=null, obfuscated=null, clickEvent=null, hoverEvent=null, insertion=null}}
[19:40:20] [Server thread/INFO]: KuroiRyuu8 left the game
[19:40:50] [User Authenticator #29/INFO]: UUID of player KuroiRyuu8 is e3b90180-fe66-4dbf-9c48-adc62d319173
[19:40:50] [Server thread/INFO]: KuroiRyuu8[/192.168.1.3:65509] logged in with entity id 1334132 at (61.790628609055446, 78.0, 310.8190947619152)
[19:40:50] [Server thread/INFO]: KuroiRyuu8 joined the game
[19:44:13] [Server thread/INFO]: KuroiRyuu8 lost connection: TextComponent{text='Disconnected', siblings=[], style=Style{hasParent=false, color=null, bold=null, italic=null, underlined=null, obfuscated=null, clickEvent=null, hoverEvent=null, insertion=null}}
[19:44:13] [Server thread/INFO]: KuroiRyuu8 left the game
[23:21:28] [Server thread/INFO]: Unknown command. Try /help for a list of commands
[23:21:38] [Server thread/INFO]: Unknown command. Try /help for a list of commands
[23:21:47] [Server thread/INFO]: Stopping the server
[23:21:47] [Server thread/INFO]: Stopping server
[23:21:47] [Server thread/INFO]: Saving players
[23:21:47] [Server thread/INFO]: Saving worlds
[23:21:47] [Server thread/INFO]: Saving chunks for level 'world'/Overworld
[23:21:47] [Server thread/INFO]: Saving chunks for level 'world'/Nether
[23:21:47] [Server thread/INFO]: Saving chunks for level 'world'/The End
[09:21:58] [Server thread/INFO]: Starting minecraft server version 1.8.9
[09:21:58] [Server thread/INFO]: Loading properties
[09:21:58] [Server console handler/ERROR]: Exception handling console input
java.io.IOException: The handle is invalid
	at java.io.FileInputStream.readBytes(Native Method) ~[?:1.8.0_60]
	at java.io.FileInputStream.read(Unknown Source) ~[?:1.8.0_60]
	at java.io.BufferedInputStream.read1(Unknown Source) ~[?:1.8.0_60]
	at java.io.BufferedInputStream.read(Unknown Source) ~[?:1.8.0_60]
	at sun.nio.cs.StreamDecoder.readBytes(Unknown Source) ~[?:1.8.0_60]
	at sun.nio.cs.StreamDecoder.implRead(Unknown Source) ~[?:1.8.0_60]
	at sun.nio.cs.StreamDecoder.read(Unknown Source) ~[?:1.8.0_60]
	at java.io.InputStreamReader.read(Unknown Source) ~[?:1.8.0_60]
	at java.io.BufferedReader.fill(Unknown Source) ~[?:1.8.0_60]
	at java.io.BufferedReader.readLine(Unknown Source) ~[?:1.8.0_60]
	at java.io.BufferedReader.readLine(Unknown Source) ~[?:1.8.0_60]
	at ko$2.run(SourceFile:81) [minecraft_server.1.8.9.exe:?]
[09:21:58] [Server thread/INFO]: Default game type: SURVIVAL
[09:21:58] [Server thread/INFO]: Generating keypair
[09:21:59] [Server thread/INFO]: Starting Minecraft server on *:25565
[09:21:59] [Server thread/INFO]: Using default channel type
[09:22:00] [Server thread/INFO]: Preparing level "world"
[09:22:00] [Server thread/INFO]: Preparing start region for level 0
